Id. usuario del trabajo: e1estudiante21
Id. del trabajo: 91247
Nombre del trabajo especificado por usuario: SumaVectoresC
Directorio de trabajo (en el que se ejecuta el script): /home/e1estudiante21/bp1/ejer11
Cola: ac
Nodo que ejecuta este trabajo:atcgrid.ugr.es
Nº de nodos asignados al trabajo: 1
Nodos asignados al trabajo: atcgrid1
CPUs por nodo: 2

SECUENCIAL:
Tamaño Vectores:16384 (4 B)
Tiempo:0.000488374	 || Tamaño Vectores:16384
 || V1[0]+V2[0]=V3[0](1638.400000+1638.400000=3276.800000) || 
 || V1[16383]+V2[16383]=V3[16383](3276.700000+0.100000=3276.800000) ||

real	0m0.061s
user	0m0.000s
sys	0m0.004s
Tamaño Vectores:32768 (4 B)
Tiempo:0.000261200	 || Tamaño Vectores:32768
 || V1[0]+V2[0]=V3[0](3276.800000+3276.800000=6553.600000) || 
 || V1[32767]+V2[32767]=V3[32767](6553.500000+0.100000=6553.600000) ||

real	0m0.033s
user	0m0.001s
sys	0m0.001s
Tamaño Vectores:65536 (4 B)
Tiempo:0.000536829	 || Tamaño Vectores:65536
 || V1[0]+V2[0]=V3[0](6553.600000+6553.600000=13107.200000) || 
 || V1[65535]+V2[65535]=V3[65535](13107.100000+0.100000=13107.200000) ||

real	0m0.039s
user	0m0.001s
sys	0m0.002s
Tamaño Vectores:131072 (4 B)
Tiempo:0.000954037	 || Tamaño Vectores:131072
 || V1[0]+V2[0]=V3[0](13107.200000+13107.200000=26214.400000) || 
 || V1[131071]+V2[131071]=V3[131071](26214.300000+0.100000=26214.400000) ||

real	0m0.039s
user	0m0.000s
sys	0m0.004s
Tamaño Vectores:262144 (4 B)
Tiempo:0.001954400	 || Tamaño Vectores:262144
 || V1[0]+V2[0]=V3[0](26214.400000+26214.400000=52428.800000) || 
 || V1[262143]+V2[262143]=V3[262143](52428.700000+0.100000=52428.800000) ||

real	0m0.078s
user	0m0.005s
sys	0m0.000s
Tamaño Vectores:524288 (4 B)
Tiempo:0.003186562	 || Tamaño Vectores:524288
 || V1[0]+V2[0]=V3[0](52428.800000+52428.800000=104857.600000) || 
 || V1[524287]+V2[524287]=V3[524287](104857.500000+0.100000=104857.600000) ||

real	0m0.089s
user	0m0.005s
sys	0m0.004s
Tamaño Vectores:1048576 (4 B)
Tiempo:0.005389886	 || Tamaño Vectores:1048576
 || V1[0]+V2[0]=V3[0](104857.600000+104857.600000=209715.200000) || 
 || V1[1048575]+V2[1048575]=V3[1048575](209715.100000+0.100000=209715.200000) ||

real	0m0.089s
user	0m0.007s
sys	0m0.007s
Tamaño Vectores:2097152 (4 B)
Tiempo:0.010901593	 || Tamaño Vectores:2097152
 || V1[0]+V2[0]=V3[0](209715.200000+209715.200000=419430.400000) || 
 || V1[2097151]+V2[2097151]=V3[2097151](419430.300000+0.100000=419430.400000) ||

real	0m0.111s
user	0m0.017s
sys	0m0.010s
Tamaño Vectores:4194304 (4 B)
Tiempo:0.019720296	 || Tamaño Vectores:4194304
 || V1[0]+V2[0]=V3[0](419430.400000+419430.400000=838860.800000) || 
 || V1[4194303]+V2[4194303]=V3[4194303](838860.700000+0.100000=838860.800000) ||

real	0m0.110s
user	0m0.028s
sys	0m0.022s
Tamaño Vectores:8388608 (4 B)
Tiempo:0.035355043	 || Tamaño Vectores:8388608
 || V1[0]+V2[0]=V3[0](838860.800000+838860.800000=1677721.600000) || 
 || V1[8388607]+V2[8388607]=V3[8388607](1677721.500000+0.100000=1677721.600000) ||

real	0m0.115s
user	0m0.048s
sys	0m0.043s
Tamaño Vectores:16777216 (4 B)
Tiempo:0.065808281	 || Tamaño Vectores:16777216
 || V1[0]+V2[0]=V3[0](1677721.600000+1677721.600000=3355443.200000) || 
 || V1[16777215]+V2[16777215]=V3[16777215](3355443.100000+0.100000=3355443.200000) ||

real	0m0.189s
user	0m0.094s
sys	0m0.074s
Tamaño Vectores:33554432 (4 B)
Tiempo:0.129787108	 || Tamaño Vectores:33554432
 || V1[0]+V2[0]=V3[0](3355443.200000+3355443.200000=6710886.400000) || 
 || V1[33554431]+V2[33554431]=V3[33554431](6710886.300000+0.100000=6710886.400000) ||

real	0m0.338s
user	0m0.164s
sys	0m0.152s
Tamaño Vectores:67108864 (4 B)
Tiempo:0.129465653	 || Tamaño Vectores:33554432
 || V1[0]+V2[0]=V3[0](3355443.200000+3355443.200000=6710886.400000) || 
 || V1[33554431]+V2[33554431]=V3[33554431](6710886.300000+0.100000=6710886.400000) ||

real	0m0.330s
user	0m0.129s
sys	0m0.181s
