

*******************************************************************************
Thu Oct  1 13:11:49 2020


FIT:    data read from "tiempos_busqueda.dat"
        format = z
        x range restricted to [0.00000 : 1.00000e+06]
        #datapoints = 9843
        residuals are weighted equally (unit weight)

function used for fitting: f(x)
	f(x)=a*x+b
fitted parameters initialized with current variable values

iter      chisq       delta/lim  lambda   a             b            
   0 3.3328305427e+15   0.00e+00  4.11e+05    1.000000e+00   1.000000e+00
   8 2.3142497084e-03  -4.62e-03  4.11e-03    3.839390e-09   1.603455e-04

After 8 iterations the fit converged.
final sum of squares of residuals : 0.00231425
rel. change during last iteration : -4.62035e-08

degrees of freedom    (FIT_NDF)                        : 9841
rms of residuals      (FIT_STDFIT) = sqrt(WSSR/ndf)    : 0.000484937
variance of residuals (reduced chisquare) = WSSR/ndf   : 2.35164e-07

Final set of parameters            Asymptotic Standard Error
=======================            ==========================
a               = 3.83939e-09      +/- 1.72e-11     (0.448%)
b               = 0.000160345      +/- 1.001e-05    (6.243%)

correlation matrix of the fit parameters:
                a      b      
a               1.000 
b              -0.873  1.000 
