Id. usuario del trabajo: e1estudiante21
Id. del trabajo: 91248
Nombre del trabajo especificado por usuario: SumaVectoresC
Directorio de trabajo (en el que se ejecuta el script): /home/e1estudiante21/bp1/ejer11
Cola: ac
Nodo que ejecuta este trabajo:atcgrid.ugr.es
Nº de nodos asignados al trabajo: 1
Nodos asignados al trabajo: atcgrid1
CPUs por nodo: 2
PARALLEL FOR:
Tamaño Vectores:16384 (4 B)
Tiempo:0.000446010	 || Tamaño Vectores:16384
 || V1[0]+V2[0]=V3[0](1638.400000+1638.400000=3276.800000) || 
 || V1[16383]+V2[16383]=V3[16383](3276.700000+0.100000=3276.800000) ||

real	0m0.063s
user	0m0.002s
sys	0m0.005s
Tamaño Vectores:32768 (4 B)
Tiempo:0.000185579	 || Tamaño Vectores:32768
 || V1[0]+V2[0]=V3[0](3276.800000+3276.800000=6553.600000) || 
 || V1[32767]+V2[32767]=V3[32767](6553.500000+0.100000=6553.600000) ||

real	0m0.049s
user	0m0.001s
sys	0m0.003s
Tamaño Vectores:65536 (4 B)
Tiempo:0.000376999	 || Tamaño Vectores:65536
 || V1[0]+V2[0]=V3[0](6553.600000+6553.600000=13107.200000) || 
 || V1[65535]+V2[65535]=V3[65535](13107.100000+0.100000=13107.200000) ||

real	0m0.039s
user	0m0.003s
sys	0m0.003s
Tamaño Vectores:131072 (4 B)
Tiempo:0.000771299	 || Tamaño Vectores:131072
 || V1[0]+V2[0]=V3[0](13107.200000+13107.200000=26214.400000) || 
 || V1[131071]+V2[131071]=V3[131071](26214.300000+0.100000=26214.400000) ||

real	0m0.039s
user	0m0.000s
sys	0m0.007s
Tamaño Vectores:262144 (4 B)
Tiempo:0.001338772	 || Tamaño Vectores:262144
 || V1[0]+V2[0]=V3[0](26214.400000+26214.400000=52428.800000) || 
 || V1[262143]+V2[262143]=V3[262143](52428.700000+0.100000=52428.800000) ||

real	0m0.056s
user	0m0.004s
sys	0m0.005s
Tamaño Vectores:524288 (4 B)
Tiempo:0.002804246	 || Tamaño Vectores:524288
 || V1[0]+V2[0]=V3[0](52428.800000+52428.800000=104857.600000) || 
 || V1[524287]+V2[524287]=V3[524287](104857.500000+0.100000=104857.600000) ||

real	0m0.083s
user	0m0.010s
sys	0m0.006s
Tamaño Vectores:1048576 (4 B)
Tiempo:0.004636571	 || Tamaño Vectores:1048576
 || V1[0]+V2[0]=V3[0](104857.600000+104857.600000=209715.200000) || 
 || V1[1048575]+V2[1048575]=V3[1048575](209715.100000+0.100000=209715.200000) ||

real	0m0.078s
user	0m0.011s
sys	0m0.014s
Tamaño Vectores:2097152 (4 B)
Tiempo:0.009340905	 || Tamaño Vectores:2097152
 || V1[0]+V2[0]=V3[0](209715.200000+209715.200000=419430.400000) || 
 || V1[2097151]+V2[2097151]=V3[2097151](419430.300000+0.100000=419430.400000) ||

real	0m0.089s
user	0m0.032s
sys	0m0.015s
Tamaño Vectores:4194304 (4 B)
Tiempo:0.018303465	 || Tamaño Vectores:4194304
 || V1[0]+V2[0]=V3[0](419430.400000+419430.400000=838860.800000) || 
 || V1[4194303]+V2[4194303]=V3[4194303](838860.700000+0.100000=838860.800000) ||

real	0m0.100s
user	0m0.060s
sys	0m0.030s
Tamaño Vectores:8388608 (4 B)
Tiempo:0.032296181	 || Tamaño Vectores:8388608
 || V1[0]+V2[0]=V3[0](838860.800000+838860.800000=1677721.600000) || 
 || V1[8388607]+V2[8388607]=V3[8388607](1677721.500000+0.100000=1677721.600000) ||

real	0m0.122s
user	0m0.085s
sys	0m0.070s
Tamaño Vectores:16777216 (4 B)
Tiempo:0.060708947	 || Tamaño Vectores:16777216
 || V1[0]+V2[0]=V3[0](1677721.600000+1677721.600000=3355443.200000) || 
 || V1[16777215]+V2[16777215]=V3[16777215](3355443.100000+0.100000=3355443.200000) ||

real	0m0.160s
user	0m0.162s
sys	0m0.117s
Tamaño Vectores:33554432 (4 B)
Tiempo:0.117786419	 || Tamaño Vectores:33554432
 || V1[0]+V2[0]=V3[0](3355443.200000+3355443.200000=6710886.400000) || 
 || V1[33554431]+V2[33554431]=V3[33554431](6710886.300000+0.100000=6710886.400000) ||

real	0m0.296s
user	0m0.324s
sys	0m0.220s
Tamaño Vectores:67108864 (4 B)
Tiempo:0.122988690	 || Tamaño Vectores:33554432
 || V1[0]+V2[0]=V3[0](3355443.200000+3355443.200000=6710886.400000) || 
 || V1[33554431]+V2[33554431]=V3[33554431](6710886.300000+0.100000=6710886.400000) ||

real	0m0.301s
user	0m0.304s
sys	0m0.254s
